<?xml version="1.0" encoding="UTF-8"?>
<!-- Generated by org.testng.reporters.JUnitReportReporter -->
<testsuite hostname="Dark-Pheonix" failures="0" tests="1" name="TestNg_Sequential.Facebook" time="27.731" errors="0" timestamp="2023-09-22T07:54:17 IST" skipped="0">
  <testcase classname="TestNg_Sequential.Facebook" name="az" time="27.731"/>
  <system-out/>
</testsuite> <!-- TestNg_Sequential.Facebook -->
