<?xml version="1.0" encoding="UTF-8"?>
<!-- Generated by org.testng.reporters.JUnitReportReporter -->
<testsuite hostname="Dark-Pheonix" failures="0" tests="1" name="TestNg_Sequential.Amazon" time="72.605" errors="0" timestamp="2023-09-22T07:54:17 IST" skipped="0">
  <testcase classname="TestNg_Sequential.Amazon" name="az" time="72.605"/>
  <system-out/>
</testsuite> <!-- TestNg_Sequential.Amazon -->
