<?xml version="1.0" encoding="UTF-8"?>
<!-- Generated by org.testng.reporters.JUnitReportReporter -->
<testsuite hostname="Dark-Pheonix" failures="0" tests="9" name="TestNg.Priority_invocation_enabled" time="0.014" errors="0" timestamp="2023-09-21T08:07:16 IST" skipped="1">
  <testcase classname="TestNg.Priority_invocation_enabled" name="demo1" time="0.007"/>
  <system-out/>
  <testcase classname="TestNg.Priority_invocation_enabled" name="demo1" time="0.001"/>
  <system-out/>
  <testcase classname="TestNg.Priority_invocation_enabled" name="demo1" time="0.001"/>
  <system-out/>
  <testcase classname="TestNg.Priority_invocation_enabled" name="demo3" time="0.001"/>
  <system-out/>
  <testcase classname="TestNg.Priority_invocation_enabled" name="demo3" time="0.001"/>
  <system-out/>
  <testcase classname="TestNg.Priority_invocation_enabled" name="demo3" time="0.001"/>
  <system-out/>
  <testcase classname="TestNg.Priority_invocation_enabled" name="demo3" time="0.001"/>
  <system-out/>
  <testcase classname="TestNg.Priority_invocation_enabled" name="demo3" time="0.001"/>
  <system-out/>
  <testcase classname="TestNg.Priority_invocation_enabled" name="demo2">
    <skipped/>
  </testcase> <!-- demo2 -->
  <system-out/>
</testsuite> <!-- TestNg.Priority_invocation_enabled -->
