<?xml version="1.0" encoding="UTF-8"?>
<!-- Generated by org.testng.reporters.JUnitReportReporter -->
<testsuite hostname="Dark-Pheonix" failures="0" tests="1" name="TestNg_Groups.Sample2" time="0.003" errors="0" timestamp="2023-09-22T08:57:20 IST" skipped="0">
  <testcase classname="TestNg_Groups.Sample2" name="sam2_1" time="0.003"/>
  <system-out/>
</testsuite> <!-- TestNg_Groups.Sample2 -->
